<?xml version="1.0" encoding="UTF-8"?>
<!-- Generated by org.testng.reporters.JUnitReportReporter -->
<testsuite skipped="0" hostname="Ramkumar-PC" name="TestDemo" tests="2" failures="0" timestamp="26 Mar 2017 13:47:10 GMT" time="0.019" errors="0">
  <testcase name="loginTest" time="0.016" classname="TestDemo"/>
  <testcase name="loginTest" time="0.003" classname="TestDemo"/>
</testsuite> <!-- TestDemo -->
